2016-08-02 21:10:41 [scrapy] INFO: Scrapy 1.1.1 started (bot: priceremider)
2016-08-02 21:10:41 [scrapy] INFO: Overridden settings: {'NEWSPIDER_MODULE': 'priceremider.spiders', 'SPIDER_MODULES': ['priceremider.spiders'], 'FEED_URI': 'file:///home/ubuntu/priceremider/items/priceremider/elgiganten/7fd0765858f511e6b9a5067951052a43.jl', 'LOG_FILE': 'logs/priceremider/elgiganten/7fd0765858f511e6b9a5067951052a43.log', 'BOT_NAME': 'priceremider'}
2016-08-02 21:10:41 [scrapy] INFO: Enabled extensions:
['scrapy.extensions.feedexport.FeedExporter',
 'scrapy.extensions.logstats.LogStats',
 'scrapy.extensions.telnet.TelnetConsole',
 'scrapy.extensions.corestats.CoreStats']
2016-08-02 21:10:41 [scrapy] INFO: Enabled downloader middlewares:
['scrapy.downloadermiddlewares.httpauth.HttpAuthMiddleware',
 'scrapy.downloadermiddlewares.downloadtimeout.DownloadTimeoutMiddleware',
 'scrapy.downloadermiddlewares.useragent.UserAgentMiddleware',
 'scrapy.downloadermiddlewares.retry.RetryMiddleware',
 'scrapy.downloadermiddlewares.defaultheaders.DefaultHeadersMiddleware',
 'scrapy.downloadermiddlewares.redirect.MetaRefreshMiddleware',
 'scrapy.downloadermiddlewares.httpcompression.HttpCompressionMiddleware',
 'scrapy.downloadermiddlewares.redirect.RedirectMiddleware',
 'scrapy.downloadermiddlewares.cookies.CookiesMiddleware',
 'scrapy.downloadermiddlewares.chunked.ChunkedTransferMiddleware',
 'scrapy.downloadermiddlewares.stats.DownloaderStats']
2016-08-02 21:10:41 [scrapy] INFO: Enabled spider middlewares:
['scrapy.spidermiddlewares.httperror.HttpErrorMiddleware',
 'scrapy.spidermiddlewares.offsite.OffsiteMiddleware',
 'scrapy.spidermiddlewares.referer.RefererMiddleware',
 'scrapy.spidermiddlewares.urllength.UrlLengthMiddleware',
 'scrapy.spidermiddlewares.depth.DepthMiddleware']
2016-08-02 21:10:41 [scrapy] INFO: Enabled item pipelines:
['priceremider.pipelines.MySQLStorePipeline']
2016-08-02 21:10:41 [scrapy] INFO: Spider opened
2016-08-02 21:10:41 [scrapy] INFO: Crawled 0 pages (at 0 pages/min), scraped 0 items (at 0 items/min)
2016-08-02 21:10:41 [scrapy] DEBUG: Telnet console listening on 127.0.0.1:6023
2016-08-02 21:10:42 [scrapy] DEBUG: Crawled (200) <GET http://www.elgiganten.se/product/ljud-bild/vaggfaste/KNMPM20/konig-knm-pm20-takfaste-projektor-svart> (referer: None)
2016-08-02 21:10:42 [elgiganten] DEBUG: A response from http://www.elgiganten.se/product/ljud-bild/vaggfaste/KNMPM20/konig-knm-pm20-takfaste-projektor-svart just arrived!
2016-08-02 21:10:42 [scrapy] ERROR: Error processing {'category': 'Ljud & Bild',
 'company': 'Elgiganten',
 'description': 'Praktiskt projektorf\xc3\xa4ste som \xc3\xa4r enkelt att f\xc3\xa4sta p\xc3\xa5 v\xc3\xa4ggen eller i taket. Det kan justeras p\xc3\xa5 l\xc3\xa4ngden, har full 360\xc2\xb0 rotation och st\xc3\xb6ttar max 10 kg.',
 'image': 'http://tubby.scene7.com/is/image/tubby/KNMPM20?$prod$',
 'price': '799SEK',
 'status': 'Webblager (5+) \n\xc2\xa0\n Boka nu, h\xc3\xa4mta i varuhus om 2 timmar \r\nFinns i lager i',
 'title': 'Konig KNM-PM20 Takf\xc3\xa4ste projektor (svart)',
 'url': 'http://www.elgiganten.se/product/ljud-bild/vaggfaste/KNMPM20/konig-knm-pm20-takfaste-projektor-svart'}
Traceback (most recent call last):
  File "/usr/lib/python2.7/dist-packages/twisted/internet/defer.py", line 577, in _runCallbacks
    current.result = callback(current.result, *args, **kw)
TypeError: _handle_error() takes exactly 2 arguments (4 given)
2016-08-02 21:10:42 [scrapy] INFO: Closing spider (finished)
2016-08-02 21:10:42 [scrapy] INFO: Dumping Scrapy stats:
{'downloader/request_bytes': 290,
 'downloader/request_count': 1,
 'downloader/request_method_count/GET': 1,
 'downloader/response_bytes': 30930,
 'downloader/response_count': 1,
 'downloader/response_status_count/200': 1,
 'finish_reason': 'finished',
 'finish_time': datetime.datetime(2016, 8, 2, 21, 10, 42, 667957),
 'log_count/DEBUG': 3,
 'log_count/ERROR': 1,
 'log_count/INFO': 7,
 'response_received_count': 1,
 'scheduler/dequeued': 1,
 'scheduler/dequeued/memory': 1,
 'scheduler/enqueued': 1,
 'scheduler/enqueued/memory': 1,
 'start_time': datetime.datetime(2016, 8, 2, 21, 10, 41, 914024)}
2016-08-02 21:10:42 [scrapy] INFO: Spider closed (finished)
